<?xml version="1.0" encoding="UTF-8"?><testsuites><testsuite name="test" package="test" id="0" errors="0" failures="0" tests="4" skipped="0" ><testcase classname="tests" name="can_angry" time="0.000001709"/><testcase classname="tests" name="can_frown" time="0.000001291"/><testcase classname="tests" name="can_smile" time="0.000001167"/><testcase classname="tests" name="string_representation" time="0.000001584"/><system-out/><system-err/></testsuite></testsuites>
<?xml version="1.0" encoding="UTF-8"?><testsuites><testsuite name="test" package="test" id="0" errors="0" failures="0" tests="1" skipped="0" ><testcase classname="src/lib.rs" name="which (line 19)" time="0.260303333"/><system-out/><system-err/></testsuite></testsuites>
